[debug] > Exec(early(addDefaultCommands), None, None)
[debug] > Exec(addDefaultCommands, None, None)
[debug] > Exec(early(initialize), None, None)
[debug] > Exec(initialize, None, None)
[debug] > Exec(early(addPluginSbtFile="""C:\Users\usuario\AppData\Local\Temp\idea.sbt"""), None, None)
[debug] > Exec(addPluginSbtFile="""C:\Users\usuario\AppData\Local\Temp\idea.sbt""", None, None)
[debug] > Exec(boot, None, None)
[debug] > Exec(writeSbtVersion, None, None)
[debug] > Exec(reload, None, None)
[debug] > Exec(sbtStashOnFailure, None, None)
[debug] > Exec(onFailure loadFailed, None, None)
[debug] > Exec(loadp, None, None)
[info] welcome to sbt 1.9.8 (Oracle Corporation Java 20.0.1)
[debug]       Load.loadUnit: plugins took 127.7499ms
[debug]       Load.loadUnit: defsScala took 0.2823ms
[debug] [Loading] Scanning directory C:\Users\usuario\.sbt\1.0\plugins
[debug] [Loading] Found non-root projects 
[debug] [Loading] Done in C:\Users\usuario\.sbt\1.0\plugins, returning: ()
[debug] deducing auto plugins based on known facts Set(Atom(sbt.plugins.CorePlugin)) and clauses Clauses(Clause(Atom(sbt.plugins.JvmPlugin),Set(Atom(sbt.plugins.IvyPlugin)))
[debug] Clause(Atom(sbt.ScriptedPlugin),Set(Atom(sbt.plugins.JvmPlugin)))
[debug] Clause(Atom(sbt.plugins.SbtPlugin),Set(Atom(sbt.ScriptedPlugin)))
[debug] Clause(Atom(sbt.plugins.SemanticdbPlugin),Set(Atom(sbt.plugins.JvmPlugin)))
[debug] Clause(Atom(sbt.plugins.JUnitXmlReportPlugin),Set(Atom(sbt.plugins.JvmPlugin)))
[debug] Clause(Atom(sbt.plugins.MiniDependencyTreePlugin),Set(Atom(sbt.plugins.JvmPlugin)))
[debug] Clause(Atom(sbt.plugins.CorePlugin),Set(Atom(sbt.plugins.IvyPlugin)))
[debug] Clause(Atom(sbt.plugins.IvyPlugin),Set(Atom(sbt.plugins.JvmPlugin)))
[debug] Clause(Atom(sbt.plugins.JvmPlugin),Set(Atom(sbt.plugins.SemanticdbPlugin)))
[debug] Clause(Atom(sbt.plugins.JvmPlugin),Set(Atom(sbt.plugins.JUnitXmlReportPlugin)))
[debug] Clause(Atom(sbt.plugins.CorePlugin),Set(Atom(sbt.plugins.Giter8TemplatePlugin)))
[debug] Clause(Atom(sbt.plugins.JvmPlugin),Set(Atom(sbt.plugins.MiniDependencyTreePlugin))))
[debug]   :: deduced result: Matched(sbt.plugins.CorePlugin,sbt.plugins.Giter8TemplatePlugin,sbt.plugins.IvyPlugin,sbt.plugins.JvmPlugin,sbt.plugins.MiniDependencyTreePlugin,sbt.plugins.JUnitXmlReportPlugin,sbt.plugins.SemanticdbPlugin)
[debug] Plugins.deducer#function took 20.4112 ms
[debug]           Load.resolveProject(global-plugins) took 52.9882ms
[debug]         Load.loadTransitive: finalizeProject(Project(id global-plugins, base: C:\Users\usuario\.sbt\1.0\plugins, plugins: List(<none>))) took 99.3456ms
[debug] [Loading] Done in C:\Users\usuario\.sbt\1.0\plugins, returning: (global-plugins)
[debug]       Load.loadUnit: loadedProjectsRaw took 124.9103ms
[debug]       Load.loadUnit: cleanEvalClasses took 0.2842ms
[debug]     Load.loadUnit(file:/C:/Users/usuario/.sbt/1.0/plugins/, ...) took 263.3258ms
[debug]   Load.apply: load took 459.6111ms
[debug]   Load.apply: resolveProjects took 5.4767ms
[debug]   Load.apply: finalTransforms took 55.1676ms
[debug]   Load.apply: config.delegates took 7.385ms
[debug]   Load.apply: Def.make(settings)... took 413.2444ms
[debug]   Load.apply: structureIndex took 119.1274ms
[debug]   Load.apply: mkStreams took 1.9434ms
[info] loading global plugins from C:\Users\usuario\.sbt\1.0\plugins
[debug] Running task... Cancel: Signal, check cycles: false, forcegc: true
[debug] Load.defaultLoad until apply took 2411.9522ms
[debug]           Load.loadUnit: plugins took 20.9044ms
[debug]           Load.loadUnit: defsScala took 0.0033ms
[debug] [Loading] Scanning directory C:\Users\usuario\IdeaProjects\ProyectoPracticum\project
[debug]             Load.loadUnit: mkEval took 7.6395ms
[debug] [Loading] Found non-root projects 
[debug] [Loading] Done in C:\Users\usuario\IdeaProjects\ProyectoPracticum\project, returning: ()
[debug] deducing auto plugins based on known facts Set(Atom(sbt.plugins.CorePlugin)) and clauses Clauses(Clause(Atom(sbt.plugins.JvmPlugin),Set(Atom(sbt.plugins.IvyPlugin)))
[debug] Clause(Atom(sbt.ScriptedPlugin),Set(Atom(sbt.plugins.JvmPlugin)))
[debug] Clause(Atom(sbt.plugins.SbtPlugin),Set(Atom(sbt.ScriptedPlugin)))
[debug] Clause(Atom(sbt.plugins.SemanticdbPlugin),Set(Atom(sbt.plugins.JvmPlugin)))
[debug] Clause(Atom(sbt.plugins.JUnitXmlReportPlugin),Set(Atom(sbt.plugins.JvmPlugin)))
[debug] Clause(Atom(sbt.plugins.MiniDependencyTreePlugin),Set(Atom(sbt.plugins.JvmPlugin)))
[debug] Clause(Atom(sbt.plugins.CorePlugin),Set(Atom(sbt.plugins.IvyPlugin)))
[debug] Clause(Atom(sbt.plugins.IvyPlugin),Set(Atom(sbt.plugins.JvmPlugin)))
[debug] Clause(Atom(sbt.plugins.JvmPlugin),Set(Atom(sbt.plugins.SemanticdbPlugin)))
[debug] Clause(Atom(sbt.plugins.JvmPlugin),Set(Atom(sbt.plugins.JUnitXmlReportPlugin)))
[debug] Clause(Atom(sbt.plugins.CorePlugin),Set(Atom(sbt.plugins.Giter8TemplatePlugin)))
[debug] Clause(Atom(sbt.plugins.JvmPlugin),Set(Atom(sbt.plugins.MiniDependencyTreePlugin))))
[debug]   :: deduced result: Matched(sbt.plugins.CorePlugin,sbt.plugins.Giter8TemplatePlugin,sbt.plugins.IvyPlugin,sbt.plugins.JvmPlugin,sbt.plugins.MiniDependencyTreePlugin,sbt.plugins.JUnitXmlReportPlugin,sbt.plugins.SemanticdbPlugin)
[debug] Plugins.deducer#function took 2.6649 ms
[info] loading settings for project proyectopracticum-build from idea.sbt ...
[debug]               Load.resolveProject(proyectopracticum-build) took 3.5635ms
[debug]             Load.loadTransitive: finalizeProject(Project(id proyectopracticum-build, base: C:\Users\usuario\IdeaProjects\ProyectoPracticum\project, plugins: List(<none>))) took 6.8799ms
[debug] [Loading] Done in C:\Users\usuario\IdeaProjects\ProyectoPracticum\project, returning: (proyectopracticum-build)
[debug]           Load.loadUnit: loadedProjectsRaw took 2352.2949ms
[debug]           Load.loadUnit: cleanEvalClasses took 5.1354ms
[debug]         Load.loadUnit(file:/C:/Users/usuario/IdeaProjects/ProyectoPracticum/project/, ...) took 2379.0984ms
[debug]       Load.apply: load took 2380.9902ms
[debug]       Load.apply: resolveProjects took 0.1735ms
[debug]       Load.apply: finalTransforms took 14.7297ms
[debug]       Load.apply: config.delegates took 0.5687ms
[debug]       Load.apply: Def.make(settings)... took 109.7697ms
[debug]       Load.apply: structureIndex took 40.8803ms
[debug]       Load.apply: mkStreams took 0.0029ms
[info] loading project definition from C:\Users\usuario\IdeaProjects\ProyectoPracticum\project
[debug] Running task... Cancel: Signal, check cycles: false, forcegc: true
[warn] Unrecognized repository Scala Plugin Bundled Repository, ignoring it
[warn] Unrecognized repository Scala Plugin Bundled Repository, ignoring it
[debug]     Load.loadUnit: plugins took 3844.6297ms
[debug]     Load.loadUnit: defsScala took 0.0028ms
[debug] [Loading] Scanning directory C:\Users\usuario\IdeaProjects\ProyectoPracticum
[debug]       Load.loadUnit: mkEval took 0.2486ms
[debug] [Loading] Found root project root w/ remaining 
[debug] deducing auto plugins based on known facts Set(Atom(sbt.plugins.CorePlugin)) and clauses Clauses(Clause(Atom(sbt.plugins.JvmPlugin),Set(Atom(sbt.plugins.IvyPlugin)))
[debug] Clause(Atom(sbt.ScriptedPlugin),Set(Atom(sbt.plugins.JvmPlugin)))
[debug] Clause(Atom(sbt.plugins.SbtPlugin),Set(Atom(sbt.ScriptedPlugin)))
[debug] Clause(Atom(sbt.plugins.SemanticdbPlugin),Set(Atom(sbt.plugins.JvmPlugin)))
[debug] Clause(Atom(sbt.plugins.JUnitXmlReportPlugin),Set(Atom(sbt.plugins.JvmPlugin)))
[debug] Clause(Atom(sbt.plugins.MiniDependencyTreePlugin),Set(Atom(sbt.plugins.JvmPlugin)))
[debug] Clause(Atom(org.jetbrains.sbt.StructurePlugin),Set(Atom(sbt.plugins.JvmPlugin)))
[debug] Clause(Atom(org.jetbrains.sbt.IdeaShellPlugin),Set(Atom(sbt.plugins.JvmPlugin)))
[debug] Clause(Atom(org.jetbrains.sbt.indices.SbtIntellijIndicesPlugin),Set(Atom(sbt.plugins.JvmPlugin)))
[debug] Clause(Atom(sbt.plugins.CorePlugin),Set(Atom(sbt.plugins.IvyPlugin)))
[debug] Clause(Atom(sbt.plugins.IvyPlugin),Set(Atom(sbt.plugins.JvmPlugin)))
[debug] Clause(Atom(sbt.plugins.JvmPlugin),Set(Atom(sbt.plugins.SemanticdbPlugin)))
[debug] Clause(Atom(sbt.plugins.JvmPlugin),Set(Atom(sbt.plugins.JUnitXmlReportPlugin)))
[debug] Clause(Atom(sbt.plugins.CorePlugin),Set(Atom(sbt.plugins.Giter8TemplatePlugin)))
[debug] Clause(Atom(sbt.plugins.JvmPlugin),Set(Atom(sbt.plugins.MiniDependencyTreePlugin)))
[debug] Clause(Atom(sbt.plugins.JvmPlugin),Set(Atom(org.jetbrains.sbt.StructurePlugin)))
[debug] Clause(Atom(sbt.plugins.JvmPlugin),Set(Atom(org.jetbrains.sbt.IdeaShellPlugin)))
[debug] Clause(And(Set(Atom(sbt.plugins.CorePlugin), Atom(sbt.plugins.JvmPlugin))),Set(Atom(org.jetbrains.sbt.indices.SbtIntellijIndicesPlugin))))
[debug]   :: deduced result: Matched(sbt.plugins.CorePlugin,sbt.plugins.Giter8TemplatePlugin,sbt.plugins.IvyPlugin,sbt.plugins.JvmPlugin,sbt.plugins.SemanticdbPlugin,org.jetbrains.sbt.indices.SbtIntellijIndicesPlugin,sbt.plugins.JUnitXmlReportPlugin,org.jetbrains.sbt.IdeaShellPlugin,org.jetbrains.sbt.StructurePlugin,sbt.plugins.MiniDependencyTreePlugin)
[debug] Plugins.deducer#function took 2.9073 ms
[info] loading settings for project root from build.sbt ...
[debug]         Load.resolveProject(root) took 36.2046ms
[debug]       Load.loadTransitive: finalizeProject(Project(id root, base: C:\Users\usuario\IdeaProjects\ProyectoPracticum, plugins: List(<none>))) took 41.037ms
[debug] [Loading] Done in C:\Users\usuario\IdeaProjects\ProyectoPracticum, returning: (root)
[debug]     Load.loadUnit: loadedProjectsRaw took 1414.1728ms
[debug]     Load.loadUnit: cleanEvalClasses took 16.8678ms
[debug]   Load.loadUnit(file:/C:/Users/usuario/IdeaProjects/ProyectoPracticum/, ...) took 5276.6493ms
[debug] Load.apply: load took 5278.8457ms
[debug] Load.apply: resolveProjects took 0.2415ms
[debug] Load.apply: finalTransforms took 26.7355ms
[debug] Load.apply: config.delegates took 0.3601ms
[debug] Load.apply: Def.make(settings)... took 88.2026ms
[debug] Load.apply: structureIndex took 38.9641ms
[debug] Load.apply: mkStreams took 0.0039ms
[info] set current project to ProyectoPracticum (in build file:/C:/Users/usuario/IdeaProjects/ProyectoPracticum/)
[debug] > Exec(sbtPopOnFailure, None, None)
[debug] > Exec(resumeFromFailure, None, None)
[debug] > Exec(notifyUsersAboutShell, None, None)
[debug] > Exec(iflast shell, None, None)
[debug] > Exec(; set ideaPort in Global := 63949 ; idea-shell, None, None)
[debug] > Exec(set ideaPort in Global := 63949, None, None)
[info] Defining Global / ideaPort
[info] The new value will be used by Compile / compile, Test / compile
[debug] Defining 
[debug] 	Global / ideaPort
[debug] 
[debug] The new value will be used by 
[debug] 	Compile / compile
[debug] 	Test / compile
[info] Reapplying settings...
[info] set current project to ProyectoPracticum (in build file:/C:/Users/usuario/IdeaProjects/ProyectoPracticum/)
[debug] > Exec(idea-shell, None, None)
